<?xml version="1.0" encoding="UTF-8"?>
<!-- Generated by org.testng.reporters.JUnitXMLReporter -->
<testsuite hostname="Hamzas-MacBook-Pro.local" ignored="1" name="HubSpot Functional Regression Test -- chrome" tests="6" failures="2" timestamp="2020-09-06T01:24:15 CDT" time="63.485" errors="0">
  <testcase name="verifyPageTitleTest" time="10.022" classname="com.qa.hubspot.test.LoginPageTest"/>
  <testcase name="verifyHomePageTitleTest" time="22.917" classname="com.qa.hubspot.test.HomePageTest"/>
  <testcase name="verifySignUpLinkTest" time="10.641" classname="com.qa.hubspot.test.LoginPageTest"/>
  <testcase name="verifyHomePageHeaderTest" time="10.015" classname="com.qa.hubspot.test.HomePageTest">
    <failure type="java.lang.AssertionError" message="expected [Setup Guide] but found [null]">
      <![CDATA[java.lang.AssertionError: expected [Setup Guide] but found [null]
at com.qa.hubspot.test.HomePageTest.verifyHomePageHeaderTest(HomePageTest.java:54)
at java.util.concurrent.ThreadPoolExecutor.runWorker(ThreadPoolExecutor.java:1149)
at java.util.concurrent.ThreadPoolExecutor$Worker.run(ThreadPoolExecutor.java:624)
at java.lang.Thread.run(Thread.java:748)
... Removed 18 stack frames]]>
    </failure>
  </testcase> <!-- verifyHomePageHeaderTest -->
  <testcase name="getAccountNameTest" time="10.632" classname="com.qa.hubspot.test.HomePageTest"/>
  <testcase name="loginTest" time="22.937" classname="com.qa.hubspot.test.LoginPageTest">
    <failure type="java.lang.AssertionError" message="expected [Kardesler] but found []">
      <![CDATA[java.lang.AssertionError: expected [Kardesler] but found []
at com.qa.hubspot.test.LoginPageTest.loginTest(LoginPageTest.java:92)
at java.util.concurrent.ThreadPoolExecutor.runWorker(ThreadPoolExecutor.java:1149)
at java.util.concurrent.ThreadPoolExecutor$Worker.run(ThreadPoolExecutor.java:624)
at java.lang.Thread.run(Thread.java:748)
... Removed 17 stack frames]]>
    </failure>
  </testcase> <!-- loginTest -->
  <testcase name="login_invalidTestCase" time="0.0" classname="com.qa.hubspot.test.LoginPageTest">
    <ignored/>
  </testcase> <!-- login_invalidTestCase -->
</testsuite> <!-- HubSpot Functional Regression Test - chrome -->
