<?xml version="1.0" encoding="UTF-8"?>
<!-- Generated by org.testng.reporters.JUnitXMLReporter -->
<testsuite hostname="Hamzas-MacBook-Pro.local" ignored="1" name="Command line test" tests="6" failures="1" timestamp="2020-09-03T20:54:19 CDT" time="115.869" errors="0">
  <testcase name="verifyHomePageTitleTest" time="5.022" classname="com.qa.hubspot.test.HomePageTest">
    <failure type="java.lang.AssertionError" message="expected [Account Setup | HubSpot] but found [HubSpot Login]">
      <![CDATA[java.lang.AssertionError: expected [Account Setup | HubSpot] but found [HubSpot Login]
at com.qa.hubspot.test.HomePageTest.verifyHomePageTitleTest(HomePageTest.java:42)
at java.util.ArrayList.forEach(ArrayList.java:1259)
... Removed 42 stack frames]]>
    </failure>
  </testcase> <!-- verifyHomePageTitleTest -->
  <testcase name="verifyHomePageHeaderTest" time="20.055" classname="com.qa.hubspot.test.HomePageTest"/>
  <testcase name="getAccountNameTest" time="20.019" classname="com.qa.hubspot.test.HomePageTest"/>
  <testcase name="verifyPageTitleTest" time="0.019" classname="com.qa.hubspot.test.LoginPageTest"/>
  <testcase name="verifySignUpLinkTest" time="0.706" classname="com.qa.hubspot.test.LoginPageTest"/>
  <testcase name="loginTest" time="22.481" classname="com.qa.hubspot.test.LoginPageTest"/>
  <testcase name="login_invalidTestCase" time="0.0" classname="com.qa.hubspot.test.LoginPageTest">
    <ignored/>
  </testcase> <!-- login_invalidTestCase -->
</testsuite> <!-- Command line test -->
