<?xml version="1.0" encoding="UTF-8"?>
<!-- Generated by org.testng.reporters.JUnitXMLReporter -->
<testsuite hostname="Hamzas-MacBook-Pro.local" ignored="3" name="Command line test" tests="1" failures="1" timestamp="2020-09-03T21:16:14 CDT" time="24.134" errors="0">
  <testcase name="loginTest" time="21.559" classname="com.qa.hubspot.test.LoginPageTest">
    <failure type="java.lang.AssertionError" message="expected [Kardesler] but found []">
      <![CDATA[java.lang.AssertionError: expected [Kardesler] but found []
at com.qa.hubspot.test.LoginPageTest.loginTest(LoginPageTest.java:58)
at java.util.ArrayList.forEach(ArrayList.java:1259)
... Removed 41 stack frames]]>
    </failure>
  </testcase> <!-- loginTest -->
  <testcase name="verifyPageTitleTest" time="0.0" classname="com.qa.hubspot.test.LoginPageTest">
    <ignored/>
  </testcase> <!-- verifyPageTitleTest -->
  <testcase name="login_invalidTestCase" time="0.0" classname="com.qa.hubspot.test.LoginPageTest">
    <ignored/>
  </testcase> <!-- login_invalidTestCase -->
  <testcase name="verifySignUpLinkTest" time="0.0" classname="com.qa.hubspot.test.LoginPageTest">
    <ignored/>
  </testcase> <!-- verifySignUpLinkTest -->
</testsuite> <!-- Command line test -->
